  FatalProjectMain.cpp
C:\Users\sonic\Desktop\ProjectFatal\FatalProject\FatalProject\Window.h(12,36): warning C4244: 'return': conversion from 'GLint' to 'GLfloat', possible loss of data
C:\Users\sonic\Desktop\ProjectFatal\FatalProject\FatalProject\Window.h(13,37): warning C4244: 'return': conversion from 'GLint' to 'GLfloat', possible loss of data
C:\Users\sonic\Desktop\ProjectFatal\FatalProject\FatalProject\FatalProjectMain.cpp(605,20): warning C4244: '=': conversion from 'double' to 'float', possible loss of data
C:\Users\sonic\Desktop\ProjectFatal\FatalProject\FatalProject\FatalProjectMain.cpp(606,20): warning C4244: '=': conversion from 'double' to 'float', possible loss of data
C:\Users\sonic\Desktop\ProjectFatal\FatalProject\FatalProject\FatalProjectMain.cpp(608,19): warning C4244: '=': conversion from 'double' to 'float', possible loss of data
C:\Users\sonic\Desktop\ProjectFatal\FatalProject\FatalProject\FatalProjectMain.cpp(609,20): warning C4244: '=': conversion from 'double' to 'float', possible loss of data
C:\Users\sonic\Desktop\ProjectFatal\FatalProject\FatalProject\FatalProjectMain.cpp(611,19): warning C4244: '=': conversion from 'double' to 'float', possible loss of data
C:\Users\sonic\Desktop\ProjectFatal\FatalProject\FatalProject\FatalProjectMain.cpp(612,19): warning C4244: '=': conversion from 'double' to 'float', possible loss of data
C:\Users\sonic\Desktop\ProjectFatal\FatalProject\FatalProject\FatalProjectMain.cpp(963,31): warning C4244: '+=': conversion from 'double' to 'float', possible loss of data
C:\Users\sonic\Desktop\ProjectFatal\FatalProject\FatalProject\FatalProjectMain.cpp(1006,32): warning C4244: '+=': conversion from 'double' to 'float', possible loss of data
C:\Users\sonic\Desktop\ProjectFatal\FatalProject\FatalProject\FatalProjectMain.cpp(1013,44): warning C4244: '+=': conversion from 'double' to 'float', possible loss of data
C:\Users\sonic\Desktop\ProjectFatal\FatalProject\FatalProject\FatalProjectMain.cpp(1023,32): warning C4244: '+=': conversion from 'double' to 'float', possible loss of data
C:\Users\sonic\Desktop\ProjectFatal\FatalProject\FatalProject\FatalProjectMain.cpp(1030,44): warning C4244: '+=': conversion from 'double' to 'float', possible loss of data
C:\Users\sonic\Desktop\ProjectFatal\FatalProject\FatalProject\FatalProjectMain.cpp(1118,41): warning C4305: 'initializing': truncation from 'double' to 'float'
C:\Users\sonic\Desktop\ProjectFatal\FatalProject\FatalProject\FatalProjectMain.cpp(1242,12): warning C4244: 'argument': conversion from 'time_t' to 'unsigned int', possible loss of data
C:\Users\sonic\Desktop\ProjectFatal\FatalProject\FatalProject\FatalProjectMain.cpp(1454,20): warning C4305: 'argument': truncation from 'double' to 'GLfloat'
C:\Users\sonic\Desktop\ProjectFatal\FatalProject\FatalProject\FatalProjectMain.cpp(1724,15): warning C4244: 'initializing': conversion from 'double' to 'GLfloat', possible loss of data
C:\Users\sonic\Desktop\ProjectFatal\FatalProject\FatalProject\FatalProjectMain.cpp(1726,43): warning C4244: '+=': conversion from 'double' to 'GLfloat', possible loss of data
C:\Users\sonic\Desktop\ProjectFatal\FatalProject\FatalProject\FatalProjectMain.cpp(1793,32): warning C4244: 'argument': conversion from 'double' to 'GLfloat', possible loss of data
C:\Users\sonic\Desktop\ProjectFatal\FatalProject\FatalProject\FatalProjectMain.cpp(1793,7): warning C4244: 'argument': conversion from 'double' to 'GLfloat', possible loss of data
C:\Users\sonic\Desktop\ProjectFatal\FatalProject\FatalProject\FatalProjectMain.cpp(1792,71): warning C4244: 'argument': conversion from 'double' to 'GLfloat', possible loss of data
C:\Users\sonic\Desktop\ProjectFatal\FatalProject\FatalProject\FatalProjectMain.cpp(1792,34): warning C4244: 'argument': conversion from 'double' to 'GLfloat', possible loss of data
C:\Users\sonic\Desktop\ProjectFatal\FatalProject\FatalProject\FatalProjectMain.cpp(1791,86): warning C4244: 'argument': conversion from 'double' to 'GLfloat', possible loss of data
C:\Users\sonic\Desktop\ProjectFatal\FatalProject\FatalProject\FatalProjectMain.cpp(2468,21): warning C4018: '<': signed/unsigned mismatch
C:\Users\sonic\Desktop\ProjectFatal\FatalProject\FatalProject\FatalProjectMain.cpp(2602,29): warning C4244: '=': conversion from 'double' to 'float', possible loss of data
C:\Users\sonic\Desktop\ProjectFatal\FatalProject\FatalProject\FatalProjectMain.cpp(2640,30): warning C4244: '=': conversion from 'double' to 'float', possible loss of data
C:\Users\sonic\Desktop\ProjectFatal\FatalProject\FatalProject\FatalProjectMain.cpp(381): warning C4172: returning address of local variable or temporary: pos
C:\Users\sonic\Desktop\ProjectFatal\FatalProject\FatalProject\FatalProjectMain.cpp(797): warning C4715: 'evento2': not all control paths return a value
C:\Users\sonic\Desktop\ProjectFatal\FatalProject\FatalProject\FatalProjectMain.cpp(751): warning C4715: 'evento1': not all control paths return a value
C:\Users\sonic\Desktop\ProjectFatal\FatalProject\FatalProject\FatalProjectMain.cpp(980): warning C4715: 'evento4': not all control paths return a value
C:\Users\sonic\Desktop\ProjectFatal\FatalProject\FatalProject\FatalProjectMain.cpp(1048): warning C4715: 'evento5': not all control paths return a value
C:\Users\sonic\Desktop\ProjectFatal\FatalProject\FatalProject\FatalProjectMain.cpp(1110): warning C4715: 'evento6': not all control paths return a value
  FatalProject.vcxproj -> C:\Users\sonic\Desktop\ProjectFatal\FatalProject\Debug\FatalProject.exe
