c:\users\sonic\desktop\projectfatal\fatalproject\fatalproject\debug\vc142.pdb
c:\users\sonic\desktop\projectfatal\fatalproject\fatalproject\debug\vc142.idb
c:\users\sonic\desktop\projectfatal\fatalproject\fatalproject\debug\window.obj
c:\users\sonic\desktop\projectfatal\fatalproject\fatalproject\debug\texture.obj
c:\users\sonic\desktop\projectfatal\fatalproject\fatalproject\debug\spotlight.obj
c:\users\sonic\desktop\projectfatal\fatalproject\fatalproject\debug\eventmanager.obj
c:\users\sonic\desktop\projectfatal\fatalproject\fatalproject\debug\skybox.obj
c:\users\sonic\desktop\projectfatal\fatalproject\fatalproject\debug\shader_light.obj
c:\users\sonic\desktop\projectfatal\fatalproject\fatalproject\debug\pointlight.obj
c:\users\sonic\desktop\projectfatal\fatalproject\fatalproject\debug\model.obj
c:\users\sonic\desktop\projectfatal\fatalproject\fatalproject\debug\mesh_tn.obj
c:\users\sonic\desktop\projectfatal\fatalproject\fatalproject\debug\material.obj
c:\users\sonic\desktop\projectfatal\fatalproject\fatalproject\debug\light.obj
c:\users\sonic\desktop\projectfatal\fatalproject\fatalproject\debug\fatalprojectmain.obj
c:\users\sonic\desktop\projectfatal\fatalproject\fatalproject\debug\event.obj
c:\users\sonic\desktop\projectfatal\fatalproject\fatalproject\debug\directionallight.obj
c:\users\sonic\desktop\projectfatal\fatalproject\fatalproject\debug\camera.obj
c:\users\sonic\desktop\projectfatal\fatalproject\fatalproject\debug\objetosflotantes.obj
c:\users\sonic\desktop\projectfatal\fatalproject\debug\fatalproject.exe
c:\users\sonic\desktop\projectfatal\fatalproject\fatalproject\debug\fatalproject.ilk
c:\users\sonic\desktop\projectfatal\fatalproject\debug\fatalproject.pdb
c:\users\sonic\desktop\projectfatal\fatalproject\fatalproject\debug\objetosflotantes.obj.enc
c:\users\sonic\desktop\projectfatal\fatalproject\fatalproject\debug\fatalproject.tlog\cl.command.1.tlog
c:\users\sonic\desktop\projectfatal\fatalproject\fatalproject\debug\fatalproject.tlog\cl.read.1.tlog
c:\users\sonic\desktop\projectfatal\fatalproject\fatalproject\debug\fatalproject.tlog\cl.write.1.tlog
c:\users\sonic\desktop\projectfatal\fatalproject\fatalproject\debug\fatalproject.tlog\link.command.1.tlog
c:\users\sonic\desktop\projectfatal\fatalproject\fatalproject\debug\fatalproject.tlog\link.read.1.tlog
c:\users\sonic\desktop\projectfatal\fatalproject\fatalproject\debug\fatalproject.tlog\link.write.1.tlog
